<?xml version="1.0" encoding="UTF-8"?>
<!-- Generated by org.testng.reporters.JUnitReportReporter -->
<testsuite hostname="NewputLT17" name="com.selenium.NewTest" tests="2" failures="0" timestamp="14 Nov 2014 18:44:44 GMT" time="0.010" errors="0">
  <testcase name="testCase1" time="0.009" classname="com.selenium.NewTest"/>
  <testcase name="testCase2" time="0.001" classname="com.selenium.NewTest"/>
</testsuite> <!-- com.selenium.NewTest -->
