<?xml version="1.0" encoding="UTF-8"?>
<!-- Generated by org.testng.reporters.JUnitReportReporter -->
<testsuite hostname="NewputLT17" name="com.selenium.search" tests="3" failures="0" timestamp="14 Nov 2014 21:13:39 GMT" time="197.961" errors="0">
  <testcase name="testSearch" time="75.677" classname="com.selenium.search"/>
  <testcase name="testSearch" time="71.628" classname="com.selenium.search"/>
  <testcase name="testSearch" time="50.656" classname="com.selenium.search"/>
</testsuite> <!-- com.selenium.search -->
